<?xml version="1.0" encoding="UTF-8"?>
<!-- Generated by org.testng.reporters.JUnitReportReporter -->
<testsuite hostname="WKMZT2203D50.global.publicisgroupe.net" failures="0" tests="2" name="autoexsel.test.runner.TestNGTestRunner" time="21.379" errors="0" timestamp="2023-12-20T00:07:45 GMT" skipped="0">
  <testcase classname="autoexsel.test.runner.TestNGTestRunner" name="runScenario" time="6.893"/>
  <testcase classname="autoexsel.test.runner.TestNGTestRunner" name="runScenario" time="14.486"/>
</testsuite> <!-- autoexsel.test.runner.TestNGTestRunner -->
