<?xml version="1.0" encoding="UTF-8"?>
<!-- Generated by org.testng.reporters.JUnitReportReporter -->
<testsuite skipped="0" hostname="WKMIN0752567" name="autoexsel.cucumber.TestRunner" tests="1" failures="0" timestamp="22 Jun 2019 10:13:23 GMT" time="9.911" errors="0">
  <testcase name="feature" time="9.911" classname="autoexsel.cucumber.TestRunner"/>
</testsuite> <!-- autoexsel.cucumber.TestRunner -->
