<?xml version="1.0" encoding="UTF-8"?>
<!-- Generated by org.testng.reporters.JUnitReportReporter -->
<testsuite hostname="WKMIN0752567" name="cucumberRunner.WebTestRunner" tests="1" failures="0" timestamp="17 Jul 2019 19:58:16 GMT" time="18.254" errors="0">
  <testcase name="feature" time="18.254" classname="cucumberRunner.WebTestRunner"/>
</testsuite> <!-- cucumberRunner.WebTestRunner -->
