<?xml version="1.0" encoding="UTF-8"?>
<!-- Generated by org.testng.reporters.JUnitReportReporter -->
<testsuite hostname="WKMZT2203D50.global.publicisgroupe.net" failures="0" tests="2" name="autoexsel.test.runner.TestNGTestRunner" time="43.117" errors="0" timestamp="2023-12-19T00:21:43 GMT" skipped="0">
  <testcase classname="autoexsel.test.runner.TestNGTestRunner" name="runScenario" time="25.602"/>
  <testcase classname="autoexsel.test.runner.TestNGTestRunner" name="runScenario" time="17.515"/>
</testsuite> <!-- autoexsel.test.runner.TestNGTestRunner -->
